2017-03-13 17:07:01,958 [Worker-1] INFO  o.e.m.c.i.l.LifecycleMappingFactory - Using org.eclipse.m2e.jdt.JarLifecycleMapping lifecycle mapping for MavenProject: InteligenciaNegocio:ImplementacionETL:1.0.0 @ /home/moises/Dropbox/Universidad de Murcia/Máster Big Data/Inteligencia de Negocio/Activities/Actividad C4/ImplementacionETL/pom.xml.
2017-03-13 17:07:07,777 [Worker-1] INFO  o.e.m.j.i.AbstractJavaProjectConfigurator - Adding source folder /ImplementacionETL/src/main/java
2017-03-13 17:07:07,782 [Worker-1] INFO  o.e.m.j.i.AbstractJavaProjectConfigurator - Adding source folder /ImplementacionETL/src/test/java
2017-03-13 17:07:08,819 [Worker-1] INFO  o.e.m.c.i.p.ProjectConfigurationManager - Imported and configured 1 project(s) in 29 sec
2017-03-13 17:07:14,817 [Worker-17] INFO  o.e.m.c.i.embedder.EclipseLogger - Using 'UTF-8' encoding to copy filtered resources.
2017-03-13 17:07:14,849 [Worker-17] INFO  o.e.m.c.i.embedder.EclipseLogger - skip non existing resourceDirectory /home/moises/Dropbox/Universidad de Murcia/Máster Big Data/Inteligencia de Negocio/Activities/Actividad C4/ImplementacionETL/src/main/resources
2017-03-13 17:07:14,885 [Worker-17] INFO  o.e.m.c.i.embedder.EclipseLogger - Using 'UTF-8' encoding to copy filtered resources.
2017-03-13 17:07:14,902 [Worker-17] INFO  o.e.m.c.i.embedder.EclipseLogger - skip non existing resourceDirectory /home/moises/Dropbox/Universidad de Murcia/Máster Big Data/Inteligencia de Negocio/Activities/Actividad C4/ImplementacionETL/src/test/resources
2017-03-13 17:09:11,151 [Worker-14] INFO  o.e.m.c.i.embedder.EclipseLogger - Using 'UTF-8' encoding to copy filtered resources.
2017-03-13 17:09:11,152 [Worker-14] INFO  o.e.m.c.i.embedder.EclipseLogger - skip non existing resourceDirectory /home/moises/Dropbox/Universidad de Murcia/Máster Big Data/Inteligencia de Negocio/Activities/Actividad C4/ImplementacionETL/src/main/resources
2017-03-13 17:09:11,167 [Worker-14] INFO  o.e.m.c.i.embedder.EclipseLogger - Using 'UTF-8' encoding to copy filtered resources.
2017-03-13 17:09:11,182 [Worker-14] INFO  o.e.m.c.i.embedder.EclipseLogger - skip non existing resourceDirectory /home/moises/Dropbox/Universidad de Murcia/Máster Big Data/Inteligencia de Negocio/Activities/Actividad C4/ImplementacionETL/src/test/resources
2017-03-13 17:09:23,019 [Worker-5] INFO  o.e.m.c.i.embedder.EclipseLogger - Using 'UTF-8' encoding to copy filtered resources.
2017-03-13 17:09:23,020 [Worker-5] INFO  o.e.m.c.i.embedder.EclipseLogger - skip non existing resourceDirectory /home/moises/Dropbox/Universidad de Murcia/Máster Big Data/Inteligencia de Negocio/Activities/Actividad C4/ImplementacionETL/src/main/resources
2017-03-13 17:09:23,032 [Worker-5] INFO  o.e.m.c.i.embedder.EclipseLogger - Using 'UTF-8' encoding to copy filtered resources.
2017-03-13 17:09:23,036 [Worker-5] INFO  o.e.m.c.i.embedder.EclipseLogger - skip non existing resourceDirectory /home/moises/Dropbox/Universidad de Murcia/Máster Big Data/Inteligencia de Negocio/Activities/Actividad C4/ImplementacionETL/src/test/resources
2017-03-13 17:11:39,923 [Worker-9] INFO  o.e.m.c.i.embedder.EclipseLogger - Using 'UTF-8' encoding to copy filtered resources.
2017-03-13 17:11:39,928 [Worker-9] INFO  o.e.m.c.i.embedder.EclipseLogger - skip non existing resourceDirectory /home/moises/Dropbox/Universidad de Murcia/Máster Big Data/Inteligencia de Negocio/Activities/Actividad C4/ImplementacionETL/src/main/resources
2017-03-13 17:11:39,943 [Worker-9] INFO  o.e.m.c.i.embedder.EclipseLogger - Using 'UTF-8' encoding to copy filtered resources.
2017-03-13 17:11:39,946 [Worker-9] INFO  o.e.m.c.i.embedder.EclipseLogger - skip non existing resourceDirectory /home/moises/Dropbox/Universidad de Murcia/Máster Big Data/Inteligencia de Negocio/Activities/Actividad C4/ImplementacionETL/src/test/resources
2017-03-13 17:12:41,476 [Worker-15] INFO  o.e.m.c.i.embedder.EclipseLogger - Using 'UTF-8' encoding to copy filtered resources.
2017-03-13 17:12:41,485 [Worker-15] INFO  o.e.m.c.i.embedder.EclipseLogger - skip non existing resourceDirectory /home/moises/Dropbox/Universidad de Murcia/Máster Big Data/Inteligencia de Negocio/Activities/Actividad C4/ImplementacionETL/src/main/resources
2017-03-13 17:12:41,511 [Worker-15] INFO  o.e.m.c.i.embedder.EclipseLogger - Using 'UTF-8' encoding to copy filtered resources.
2017-03-13 17:12:41,515 [Worker-15] INFO  o.e.m.c.i.embedder.EclipseLogger - skip non existing resourceDirectory /home/moises/Dropbox/Universidad de Murcia/Máster Big Data/Inteligencia de Negocio/Activities/Actividad C4/ImplementacionETL/src/test/resources
2017-03-13 17:13:51,006 [Worker-12] INFO  o.e.m.c.i.embedder.EclipseLogger - Using 'UTF-8' encoding to copy filtered resources.
2017-03-13 17:13:51,011 [Worker-12] INFO  o.e.m.c.i.embedder.EclipseLogger - skip non existing resourceDirectory /home/moises/Dropbox/Universidad de Murcia/Máster Big Data/Inteligencia de Negocio/Activities/Actividad C4/ImplementacionETL/src/main/resources
2017-03-13 17:13:51,036 [Worker-12] INFO  o.e.m.c.i.embedder.EclipseLogger - Using 'UTF-8' encoding to copy filtered resources.
2017-03-13 17:13:51,036 [Worker-12] INFO  o.e.m.c.i.embedder.EclipseLogger - skip non existing resourceDirectory /home/moises/Dropbox/Universidad de Murcia/Máster Big Data/Inteligencia de Negocio/Activities/Actividad C4/ImplementacionETL/src/test/resources
2017-03-13 17:14:11,418 [Worker-2] INFO  o.e.m.c.i.embedder.EclipseLogger - Using 'UTF-8' encoding to copy filtered resources.
2017-03-13 17:14:11,429 [Worker-2] INFO  o.e.m.c.i.embedder.EclipseLogger - skip non existing resourceDirectory /home/moises/Dropbox/Universidad de Murcia/Máster Big Data/Inteligencia de Negocio/Activities/Actividad C4/ImplementacionETL/src/main/resources
2017-03-13 17:14:11,461 [Worker-2] INFO  o.e.m.c.i.embedder.EclipseLogger - Using 'UTF-8' encoding to copy filtered resources.
2017-03-13 17:14:11,462 [Worker-2] INFO  o.e.m.c.i.embedder.EclipseLogger - skip non existing resourceDirectory /home/moises/Dropbox/Universidad de Murcia/Máster Big Data/Inteligencia de Negocio/Activities/Actividad C4/ImplementacionETL/src/test/resources
2017-03-13 17:15:17,684 [Worker-2] INFO  o.e.m.c.i.embedder.EclipseLogger - Using 'UTF-8' encoding to copy filtered resources.
2017-03-13 17:15:17,684 [Worker-2] INFO  o.e.m.c.i.embedder.EclipseLogger - skip non existing resourceDirectory /home/moises/Dropbox/Universidad de Murcia/Máster Big Data/Inteligencia de Negocio/Activities/Actividad C4/ImplementacionETL/src/main/resources
2017-03-13 17:15:17,692 [Worker-2] INFO  o.e.m.c.i.embedder.EclipseLogger - Using 'UTF-8' encoding to copy filtered resources.
2017-03-13 17:15:17,693 [Worker-2] INFO  o.e.m.c.i.embedder.EclipseLogger - skip non existing resourceDirectory /home/moises/Dropbox/Universidad de Murcia/Máster Big Data/Inteligencia de Negocio/Activities/Actividad C4/ImplementacionETL/src/test/resources
2017-03-18 02:39:39,991 [Worker-12] INFO  o.e.m.c.i.embedder.EclipseLogger - Using 'UTF-8' encoding to copy filtered resources.
2017-03-18 02:39:40,018 [Worker-12] INFO  o.e.m.c.i.embedder.EclipseLogger - skip non existing resourceDirectory /home/moises/Dropbox/Universidad de Murcia/Máster Big Data/Inteligencia de Negocio/Activities/Actividad C4/ImplementacionETL/src/main/resources
2017-03-18 02:39:40,039 [Worker-12] INFO  o.e.m.c.i.embedder.EclipseLogger - Using 'UTF-8' encoding to copy filtered resources.
2017-03-18 02:39:40,048 [Worker-12] INFO  o.e.m.c.i.embedder.EclipseLogger - skip non existing resourceDirectory /home/moises/Dropbox/Universidad de Murcia/Máster Big Data/Inteligencia de Negocio/Activities/Actividad C4/ImplementacionETL/src/test/resources
2017-03-18 02:40:00,165 [Worker-26] INFO  o.e.m.c.i.embedder.EclipseLogger - Using 'UTF-8' encoding to copy filtered resources.
2017-03-18 02:40:00,183 [Worker-26] INFO  o.e.m.c.i.embedder.EclipseLogger - skip non existing resourceDirectory /home/moises/Dropbox/Universidad de Murcia/Máster Big Data/Inteligencia de Negocio/Activities/Actividad C4/ImplementacionETL/src/main/resources
2017-03-18 02:40:00,204 [Worker-26] INFO  o.e.m.c.i.embedder.EclipseLogger - Using 'UTF-8' encoding to copy filtered resources.
2017-03-18 02:40:00,204 [Worker-26] INFO  o.e.m.c.i.embedder.EclipseLogger - skip non existing resourceDirectory /home/moises/Dropbox/Universidad de Murcia/Máster Big Data/Inteligencia de Negocio/Activities/Actividad C4/ImplementacionETL/src/test/resources
2017-03-18 02:40:19,449 [Worker-25] INFO  o.e.m.c.i.embedder.EclipseLogger - Using 'UTF-8' encoding to copy filtered resources.
2017-03-18 02:40:19,473 [Worker-25] INFO  o.e.m.c.i.embedder.EclipseLogger - skip non existing resourceDirectory /home/moises/Dropbox/Universidad de Murcia/Máster Big Data/Inteligencia de Negocio/Activities/Actividad C4/ImplementacionETL/src/main/resources
2017-03-18 02:40:19,492 [Worker-25] INFO  o.e.m.c.i.embedder.EclipseLogger - Using 'UTF-8' encoding to copy filtered resources.
2017-03-18 02:40:19,493 [Worker-25] INFO  o.e.m.c.i.embedder.EclipseLogger - skip non existing resourceDirectory /home/moises/Dropbox/Universidad de Murcia/Máster Big Data/Inteligencia de Negocio/Activities/Actividad C4/ImplementacionETL/src/test/resources
2017-03-18 02:40:42,372 [Worker-25] INFO  o.e.m.c.i.embedder.EclipseLogger - Using 'UTF-8' encoding to copy filtered resources.
2017-03-18 02:40:42,373 [Worker-25] INFO  o.e.m.c.i.embedder.EclipseLogger - skip non existing resourceDirectory /home/moises/Dropbox/Universidad de Murcia/Máster Big Data/Inteligencia de Negocio/Activities/Actividad C4/ImplementacionETL/src/main/resources
2017-03-18 02:40:42,379 [Worker-25] INFO  o.e.m.c.i.embedder.EclipseLogger - Using 'UTF-8' encoding to copy filtered resources.
2017-03-18 02:40:42,385 [Worker-25] INFO  o.e.m.c.i.embedder.EclipseLogger - skip non existing resourceDirectory /home/moises/Dropbox/Universidad de Murcia/Máster Big Data/Inteligencia de Negocio/Activities/Actividad C4/ImplementacionETL/src/test/resources
2017-03-18 02:41:34,166 [Worker-25] INFO  o.e.m.c.i.embedder.EclipseLogger - Using 'UTF-8' encoding to copy filtered resources.
2017-03-18 02:41:34,170 [Worker-25] INFO  o.e.m.c.i.embedder.EclipseLogger - skip non existing resourceDirectory /home/moises/Dropbox/Universidad de Murcia/Máster Big Data/Inteligencia de Negocio/Activities/Actividad C4/ImplementacionETL/src/main/resources
2017-03-18 02:41:34,186 [Worker-25] INFO  o.e.m.c.i.embedder.EclipseLogger - Using 'UTF-8' encoding to copy filtered resources.
2017-03-18 02:41:34,186 [Worker-25] INFO  o.e.m.c.i.embedder.EclipseLogger - skip non existing resourceDirectory /home/moises/Dropbox/Universidad de Murcia/Máster Big Data/Inteligencia de Negocio/Activities/Actividad C4/ImplementacionETL/src/test/resources
2017-03-18 02:41:59,029 [Worker-26] INFO  o.e.m.c.i.embedder.EclipseLogger - Using 'UTF-8' encoding to copy filtered resources.
2017-03-18 02:41:59,030 [Worker-26] INFO  o.e.m.c.i.embedder.EclipseLogger - skip non existing resourceDirectory /home/moises/Dropbox/Universidad de Murcia/Máster Big Data/Inteligencia de Negocio/Activities/Actividad C4/ImplementacionETL/src/main/resources
2017-03-18 02:41:59,066 [Worker-26] INFO  o.e.m.c.i.embedder.EclipseLogger - Using 'UTF-8' encoding to copy filtered resources.
2017-03-18 02:41:59,066 [Worker-26] INFO  o.e.m.c.i.embedder.EclipseLogger - skip non existing resourceDirectory /home/moises/Dropbox/Universidad de Murcia/Máster Big Data/Inteligencia de Negocio/Activities/Actividad C4/ImplementacionETL/src/test/resources
2017-03-18 03:10:56,076 [Worker-38] INFO  o.e.m.c.i.embedder.EclipseLogger - Using 'UTF-8' encoding to copy filtered resources.
2017-03-18 03:10:56,088 [Worker-38] INFO  o.e.m.c.i.embedder.EclipseLogger - skip non existing resourceDirectory /home/moises/Dropbox/Universidad de Murcia/Máster Big Data/Inteligencia de Negocio/Activities/Actividad C4/ImplementacionETL/src/main/resources
2017-03-18 03:10:56,110 [Worker-38] INFO  o.e.m.c.i.embedder.EclipseLogger - Using 'UTF-8' encoding to copy filtered resources.
2017-03-18 03:10:56,113 [Worker-38] INFO  o.e.m.c.i.embedder.EclipseLogger - skip non existing resourceDirectory /home/moises/Dropbox/Universidad de Murcia/Máster Big Data/Inteligencia de Negocio/Activities/Actividad C4/ImplementacionETL/src/test/resources
2017-03-18 03:17:17,855 [Worker-32] INFO  o.e.m.c.i.embedder.EclipseLogger - Using 'UTF-8' encoding to copy filtered resources.
2017-03-18 03:17:17,866 [Worker-32] INFO  o.e.m.c.i.embedder.EclipseLogger - skip non existing resourceDirectory /home/moises/Dropbox/Universidad de Murcia/Máster Big Data/Inteligencia de Negocio/Activities/Actividad C4/ImplementacionETL/src/main/resources
2017-03-18 03:17:17,884 [Worker-32] INFO  o.e.m.c.i.embedder.EclipseLogger - Using 'UTF-8' encoding to copy filtered resources.
2017-03-18 03:17:17,885 [Worker-32] INFO  o.e.m.c.i.embedder.EclipseLogger - skip non existing resourceDirectory /home/moises/Dropbox/Universidad de Murcia/Máster Big Data/Inteligencia de Negocio/Activities/Actividad C4/ImplementacionETL/src/test/resources
2017-03-18 03:18:24,712 [Worker-32] INFO  o.e.m.c.i.embedder.EclipseLogger - Using 'UTF-8' encoding to copy filtered resources.
2017-03-18 03:18:24,726 [Worker-32] INFO  o.e.m.c.i.embedder.EclipseLogger - skip non existing resourceDirectory /home/moises/Dropbox/Universidad de Murcia/Máster Big Data/Inteligencia de Negocio/Activities/Actividad C4/ImplementacionETL/src/main/resources
2017-03-18 03:18:24,740 [Worker-32] INFO  o.e.m.c.i.embedder.EclipseLogger - Using 'UTF-8' encoding to copy filtered resources.
2017-03-18 03:18:24,749 [Worker-32] INFO  o.e.m.c.i.embedder.EclipseLogger - skip non existing resourceDirectory /home/moises/Dropbox/Universidad de Murcia/Máster Big Data/Inteligencia de Negocio/Activities/Actividad C4/ImplementacionETL/src/test/resources
2017-03-18 03:18:51,521 [Worker-39] INFO  o.e.m.c.i.embedder.EclipseLogger - Using 'UTF-8' encoding to copy filtered resources.
2017-03-18 03:18:51,522 [Worker-39] INFO  o.e.m.c.i.embedder.EclipseLogger - skip non existing resourceDirectory /home/moises/Dropbox/Universidad de Murcia/Máster Big Data/Inteligencia de Negocio/Activities/Actividad C4/ImplementacionETL/src/main/resources
2017-03-18 03:18:51,538 [Worker-39] INFO  o.e.m.c.i.embedder.EclipseLogger - Using 'UTF-8' encoding to copy filtered resources.
2017-03-18 03:18:51,539 [Worker-39] INFO  o.e.m.c.i.embedder.EclipseLogger - skip non existing resourceDirectory /home/moises/Dropbox/Universidad de Murcia/Máster Big Data/Inteligencia de Negocio/Activities/Actividad C4/ImplementacionETL/src/test/resources
2017-03-18 03:22:30,873 [Worker-43] INFO  o.e.m.c.i.embedder.EclipseLogger - Using 'UTF-8' encoding to copy filtered resources.
2017-03-18 03:22:30,885 [Worker-43] INFO  o.e.m.c.i.embedder.EclipseLogger - skip non existing resourceDirectory /home/moises/Dropbox/Universidad de Murcia/Máster Big Data/Inteligencia de Negocio/Activities/Actividad C4/ImplementacionETL/src/main/resources
2017-03-18 03:22:30,889 [Worker-43] INFO  o.e.m.c.i.embedder.EclipseLogger - Using 'UTF-8' encoding to copy filtered resources.
2017-03-18 03:22:30,890 [Worker-43] INFO  o.e.m.c.i.embedder.EclipseLogger - skip non existing resourceDirectory /home/moises/Dropbox/Universidad de Murcia/Máster Big Data/Inteligencia de Negocio/Activities/Actividad C4/ImplementacionETL/src/test/resources
2017-03-18 03:26:56,500 [Worker-43] INFO  o.e.m.c.i.embedder.EclipseLogger - Using 'UTF-8' encoding to copy filtered resources.
2017-03-18 03:26:56,509 [Worker-43] INFO  o.e.m.c.i.embedder.EclipseLogger - skip non existing resourceDirectory /home/moises/Dropbox/Universidad de Murcia/Máster Big Data/Inteligencia de Negocio/Activities/Actividad C4/ImplementacionETL/src/main/resources
2017-03-18 03:26:56,520 [Worker-43] INFO  o.e.m.c.i.embedder.EclipseLogger - Using 'UTF-8' encoding to copy filtered resources.
2017-03-18 03:26:56,528 [Worker-43] INFO  o.e.m.c.i.embedder.EclipseLogger - skip non existing resourceDirectory /home/moises/Dropbox/Universidad de Murcia/Máster Big Data/Inteligencia de Negocio/Activities/Actividad C4/ImplementacionETL/src/test/resources
2017-03-18 03:27:45,889 [Worker-37] INFO  o.e.m.c.i.embedder.EclipseLogger - Using 'UTF-8' encoding to copy filtered resources.
2017-03-18 03:27:45,895 [Worker-37] INFO  o.e.m.c.i.embedder.EclipseLogger - skip non existing resourceDirectory /home/moises/Dropbox/Universidad de Murcia/Máster Big Data/Inteligencia de Negocio/Activities/Actividad C4/ImplementacionETL/src/main/resources
2017-03-18 03:27:45,916 [Worker-37] INFO  o.e.m.c.i.embedder.EclipseLogger - Using 'UTF-8' encoding to copy filtered resources.
2017-03-18 03:27:45,916 [Worker-37] INFO  o.e.m.c.i.embedder.EclipseLogger - skip non existing resourceDirectory /home/moises/Dropbox/Universidad de Murcia/Máster Big Data/Inteligencia de Negocio/Activities/Actividad C4/ImplementacionETL/src/test/resources
2017-03-18 03:28:49,068 [Worker-44] INFO  o.e.m.c.i.embedder.EclipseLogger - Using 'UTF-8' encoding to copy filtered resources.
2017-03-18 03:28:49,069 [Worker-44] INFO  o.e.m.c.i.embedder.EclipseLogger - skip non existing resourceDirectory /home/moises/Dropbox/Universidad de Murcia/Máster Big Data/Inteligencia de Negocio/Activities/Actividad C4/ImplementacionETL/src/main/resources
2017-03-18 03:28:49,080 [Worker-44] INFO  o.e.m.c.i.embedder.EclipseLogger - Using 'UTF-8' encoding to copy filtered resources.
2017-03-18 03:28:49,080 [Worker-44] INFO  o.e.m.c.i.embedder.EclipseLogger - skip non existing resourceDirectory /home/moises/Dropbox/Universidad de Murcia/Máster Big Data/Inteligencia de Negocio/Activities/Actividad C4/ImplementacionETL/src/test/resources
2017-03-18 03:31:06,096 [Worker-43] INFO  o.e.m.c.i.embedder.EclipseLogger - Using 'UTF-8' encoding to copy filtered resources.
2017-03-18 03:31:06,096 [Worker-43] INFO  o.e.m.c.i.embedder.EclipseLogger - skip non existing resourceDirectory /home/moises/Dropbox/Universidad de Murcia/Máster Big Data/Inteligencia de Negocio/Activities/Actividad C4/ImplementacionETL/src/main/resources
2017-03-18 03:31:06,112 [Worker-43] INFO  o.e.m.c.i.embedder.EclipseLogger - Using 'UTF-8' encoding to copy filtered resources.
2017-03-18 03:31:06,112 [Worker-43] INFO  o.e.m.c.i.embedder.EclipseLogger - skip non existing resourceDirectory /home/moises/Dropbox/Universidad de Murcia/Máster Big Data/Inteligencia de Negocio/Activities/Actividad C4/ImplementacionETL/src/test/resources
2017-03-18 03:32:27,578 [Worker-43] INFO  o.e.m.c.i.embedder.EclipseLogger - Using 'UTF-8' encoding to copy filtered resources.
2017-03-18 03:32:27,579 [Worker-43] INFO  o.e.m.c.i.embedder.EclipseLogger - skip non existing resourceDirectory /home/moises/Dropbox/Universidad de Murcia/Máster Big Data/Inteligencia de Negocio/Activities/Actividad C4/ImplementacionETL/src/main/resources
2017-03-18 03:32:27,603 [Worker-43] INFO  o.e.m.c.i.embedder.EclipseLogger - Using 'UTF-8' encoding to copy filtered resources.
2017-03-18 03:32:27,603 [Worker-43] INFO  o.e.m.c.i.embedder.EclipseLogger - skip non existing resourceDirectory /home/moises/Dropbox/Universidad de Murcia/Máster Big Data/Inteligencia de Negocio/Activities/Actividad C4/ImplementacionETL/src/test/resources
2017-03-18 03:32:44,812 [Worker-48] INFO  o.e.m.c.i.embedder.EclipseLogger - Using 'UTF-8' encoding to copy filtered resources.
2017-03-18 03:32:44,821 [Worker-48] INFO  o.e.m.c.i.embedder.EclipseLogger - skip non existing resourceDirectory /home/moises/Dropbox/Universidad de Murcia/Máster Big Data/Inteligencia de Negocio/Activities/Actividad C4/ImplementacionETL/src/main/resources
2017-03-18 03:32:44,837 [Worker-48] INFO  o.e.m.c.i.embedder.EclipseLogger - Using 'UTF-8' encoding to copy filtered resources.
2017-03-18 03:32:44,841 [Worker-48] INFO  o.e.m.c.i.embedder.EclipseLogger - skip non existing resourceDirectory /home/moises/Dropbox/Universidad de Murcia/Máster Big Data/Inteligencia de Negocio/Activities/Actividad C4/ImplementacionETL/src/test/resources
2017-03-18 03:32:59,708 [Worker-43] INFO  o.e.m.c.i.embedder.EclipseLogger - Using 'UTF-8' encoding to copy filtered resources.
2017-03-18 03:32:59,709 [Worker-43] INFO  o.e.m.c.i.embedder.EclipseLogger - skip non existing resourceDirectory /home/moises/Dropbox/Universidad de Murcia/Máster Big Data/Inteligencia de Negocio/Activities/Actividad C4/ImplementacionETL/src/main/resources
2017-03-18 03:32:59,726 [Worker-43] INFO  o.e.m.c.i.embedder.EclipseLogger - Using 'UTF-8' encoding to copy filtered resources.
2017-03-18 03:32:59,726 [Worker-43] INFO  o.e.m.c.i.embedder.EclipseLogger - skip non existing resourceDirectory /home/moises/Dropbox/Universidad de Murcia/Máster Big Data/Inteligencia de Negocio/Activities/Actividad C4/ImplementacionETL/src/test/resources
2017-03-18 03:33:27,792 [Worker-37] INFO  o.e.m.c.i.embedder.EclipseLogger - Using 'UTF-8' encoding to copy filtered resources.
2017-03-18 03:33:27,793 [Worker-37] INFO  o.e.m.c.i.embedder.EclipseLogger - skip non existing resourceDirectory /home/moises/Dropbox/Universidad de Murcia/Máster Big Data/Inteligencia de Negocio/Activities/Actividad C4/ImplementacionETL/src/main/resources
2017-03-18 03:33:27,802 [Worker-37] INFO  o.e.m.c.i.embedder.EclipseLogger - Using 'UTF-8' encoding to copy filtered resources.
2017-03-18 03:33:27,803 [Worker-37] INFO  o.e.m.c.i.embedder.EclipseLogger - skip non existing resourceDirectory /home/moises/Dropbox/Universidad de Murcia/Máster Big Data/Inteligencia de Negocio/Activities/Actividad C4/ImplementacionETL/src/test/resources
